<?xml version="1.0" encoding="UTF-8"?>
<!-- Generated by org.testng.reporters.JUnitReportReporter -->
<testsuite hostname="Welcome" name="com.java.maven.piechart.report.ATest" tests="5" failures="0" timestamp="12 Nov 2018 14:27:10 GMT" time="0.046" errors="0">
  <testcase name="a5" time="0.003" classname="com.java.maven.piechart.report.ATest"/>
  <testcase name="a3" time="0.008" classname="com.java.maven.piechart.report.ATest"/>
  <testcase name="a2" time="0.002" classname="com.java.maven.piechart.report.ATest"/>
  <testcase name="a1" time="0.029" classname="com.java.maven.piechart.report.ATest"/>
  <testcase name="a4" time="0.004" classname="com.java.maven.piechart.report.ATest"/>
</testsuite> <!-- com.java.maven.piechart.report.ATest -->
